f:\programming_workspace\functionscpp\x64\debug\vc143.pdb
f:\programming_workspace\functionscpp\x64\debug\vc143.idb
f:\programming_workspace\functionscpp\x64\debug\io.nativecodeanalysis.sarif
f:\programming_workspace\functionscpp\x64\debug\io.nativecodeanalysis.xml
f:\programming_workspace\functionscpp\x64\debug\main.nativecodeanalysis.sarif
f:\programming_workspace\functionscpp\x64\debug\main.nativecodeanalysis.xml
f:\programming_workspace\functionscpp\x64\debug\math.nativecodeanalysis.sarif
f:\programming_workspace\functionscpp\x64\debug\math.nativecodeanalysis.xml
f:\programming_workspace\functionscpp\x64\debug\math.obj
f:\programming_workspace\functionscpp\x64\debug\main.obj
f:\programming_workspace\functionscpp\x64\debug\io.obj
f:\projects_git\privateworkspace\functionscpp\x64\debug\vc143.pdb
f:\projects_git\privateworkspace\functionscpp\x64\debug\vc143.idb
f:\projects_git\privateworkspace\functionscpp\x64\debug\math.obj
f:\projects_git\privateworkspace\functionscpp\x64\debug\main.obj
f:\projects_git\privateworkspace\functionscpp\x64\debug\io.obj
f:\programming_workspace\functionscpp\x64\debug\functionscpp.ilk
f:\programming_workspace\functionscpp\x64\debug\functionscpp.exe
f:\programming_workspace\functionscpp\x64\debug\functionscpp.pdb
f:\projects_git\privateworkspace\functionscpp\x64\debug\nativecodeanalysis.read.1.tlog
f:\projects_git\privateworkspace\functionscpp\x64\debug\functionscpp.pdb
f:\projects_git\privateworkspace\functionscpp\x64\debug\io.nativecodeanalysis.xml
f:\projects_git\privateworkspace\functionscpp\x64\debug\main.nativecodeanalysis.xml
f:\projects_git\privateworkspace\functionscpp\x64\debug\math.nativecodeanalysis.xml
f:\projects_git\privateworkspace\functionscpp\x64\debug\vc.nativecodeanalysis.all.xml
f:\projects_git\privateworkspace\functionscpp\x64\debug\functionscpp.exe.lastcodeanalysissucceeded
f:\projects_git\privateworkspace\functionscpp\x64\debug\functionscpp.tlog\cl.command.1.tlog
f:\projects_git\privateworkspace\functionscpp\x64\debug\functionscpp.tlog\cl.read.1.tlog
f:\projects_git\privateworkspace\functionscpp\x64\debug\functionscpp.tlog\cl.write.1.tlog
f:\projects_git\privateworkspace\functionscpp\x64\debug\functionscpp.tlog\link-cvtres.read.1.tlog
f:\projects_git\privateworkspace\functionscpp\x64\debug\functionscpp.tlog\link-cvtres.write.1.tlog
f:\projects_git\privateworkspace\functionscpp\x64\debug\functionscpp.tlog\link-rc.read.1.tlog
f:\projects_git\privateworkspace\functionscpp\x64\debug\functionscpp.tlog\link-rc.write.1.tlog
f:\projects_git\privateworkspace\functionscpp\x64\debug\functionscpp.tlog\link.command.1.tlog
f:\projects_git\privateworkspace\functionscpp\x64\debug\functionscpp.tlog\link.read.1.tlog
f:\projects_git\privateworkspace\functionscpp\x64\debug\functionscpp.tlog\link.read.2.tlog
f:\projects_git\privateworkspace\functionscpp\x64\debug\functionscpp.tlog\link.write.1.tlog
